[     189ms] [INFO] %cDownload the React DevTools for a better development experience: https://react.dev/link/react-devtools font-weight:bold @ http://localhost:3000/_next/static/chunks/0i9e_next_dist_0~hm1xm._.js:2431
[     215ms] [LOG] [HMR] connected @ http://localhost:3000/_next/static/chunks/0i9e_next_dist_0~hm1xm._.js:2431
[     627ms] [WARNING] Clerk: Clerk has been loaded with development keys. Development instances have strict usage limits and should not be used when deploying your application to production. Learn more: https://clerk.com/docs/deployments/overview @ http://localhost:3000/_next/static/chunks/0i9e_next_dist_0~hm1xm._.js:2431
[   50802ms] [LOG] [Fast Refresh] rebuilding @ http://localhost:3000/_next/static/chunks/0i9e_next_dist_0~hm1xm._.js:2431
[   50829ms] [LOG] [Fast Refresh] done in 128ms @ http://localhost:3000/_next/static/chunks/0i9e_next_dist_0~hm1xm._.js:2431
[   50937ms] [LOG] [Fast Refresh] rebuilding @ http://localhost:3000/_next/static/chunks/0i9e_next_dist_0~hm1xm._.js:2431
[   51570ms] [ERROR] ./Desktop/projects/macrofactor-agent/src/components/landing/landing.css
Error evaluating Node.js code
CssSyntaxError: /Users/sharans/Desktop/projects/macrofactor-agent/src/components/landing/landing.css:447:1: Unknown word >>>>>>>
    [at Input.error (turbopack:///[project]/Desktop/projects/macrofactor-agent/node_modules/postcss/lib/input.js:135:16)]
    [at Parser.unknownWord (turbopack:///[project]/Desktop/projects/macrofactor-agent/node_modules/postcss/lib/parser.js:595:22)]
    [at Parser.other (turbopack:///[project]/Desktop/projects/macrofactor-agent/node_modules/postcss/lib/parser.js:437:12)]
    [at Parser.parse (turbopack:///[project]/Desktop/projects/macrofactor-agent/node_modules/postcss/lib/parser.js:472:16)]
    [at parser (turbopack:///[project]/Desktop/projects/macrofactor-agent/node_modules/postcss/lib/parse.js:11:12)]
    [at new LazyResult (turbopack:///[project]/Desktop/projects/macrofactor-agent/node_modules/postcss/lib/lazy-result.js:165:16)]
    [at Processor.process (turbopack:///[project]/Desktop/projects/macrofactor-agent/node_modules/postcss/lib/processor.js:53:14)]
    [at transform (turbopack:///[turbopack-node]/transforms/postcss.ts:70:51)]
    [at run (turbopack:///[turbopack-node]/child_process/evaluate.ts:89:29)]
    [at run (turbopack:///[turbopack-node]/child_process/evaluate.ts:112:11)]

Import trace:
  Client Component Browser:
    ./Desktop/projects/macrofactor-agent/src/components/landing/landing.css [Client Component Browser]
    ./Desktop/projects/macrofactor-agent/src/components/landing/landing-page.tsx [Client Component Browser]
    ./Desktop/projects/macrofactor-agent/src/components/landing/landing-page.tsx [Server Component]
    ./Desktop/projects/macrofactor-agent/src/app/page.tsx [Server Component] @ http://localhost:3000/_next/static/chunks/0i9e_next_dist_0~hm1xm._.js:3272
[   51694ms] [LOG] [Fast Refresh] rebuilding @ http://localhost:3000/_next/static/chunks/0i9e_next_dist_0~hm1xm._.js:2431
[   52344ms] [ERROR] ./Desktop/projects/macrofactor-agent/src/components/landing/landing.css
Error evaluating Node.js code
CssSyntaxError: /Users/sharans/Desktop/projects/macrofactor-agent/src/components/landing/landing.css:447:1: Unknown word >>>>>>>
    [at Input.error (turbopack:///[project]/Desktop/projects/macrofactor-agent/node_modules/postcss/lib/input.js:135:16)]
    [at Parser.unknownWord (turbopack:///[project]/Desktop/projects/macrofactor-agent/node_modules/postcss/lib/parser.js:595:22)]
    [at Parser.other (turbopack:///[project]/Desktop/projects/macrofactor-agent/node_modules/postcss/lib/parser.js:437:12)]
    [at Parser.parse (turbopack:///[project]/Desktop/projects/macrofactor-agent/node_modules/postcss/lib/parser.js:472:16)]
    [at parser (turbopack:///[project]/Desktop/projects/macrofactor-agent/node_modules/postcss/lib/parse.js:11:12)]
    [at new LazyResult (turbopack:///[project]/Desktop/projects/macrofactor-agent/node_modules/postcss/lib/lazy-result.js:165:16)]
    [at Processor.process (turbopack:///[project]/Desktop/projects/macrofactor-agent/node_modules/postcss/lib/processor.js:53:14)]
    [at transform (turbopack:///[turbopack-node]/transforms/postcss.ts:70:51)]
    [at run (turbopack:///[turbopack-node]/child_process/evaluate.ts:89:29)]
    [at run (turbopack:///[turbopack-node]/child_process/evaluate.ts:112:11)]

Import trace:
  Client Component Browser:
    ./Desktop/projects/macrofactor-agent/src/components/landing/landing.css [Client Component Browser]
    ./Desktop/projects/macrofactor-agent/src/components/landing/landing-page.tsx [Client Component Browser]
    ./Desktop/projects/macrofactor-agent/src/components/landing/landing-page.tsx [Server Component]
    ./Desktop/projects/macrofactor-agent/src/app/page.tsx [Server Component] @ http://localhost:3000/_next/static/chunks/0i9e_next_dist_0~hm1xm._.js:3272
[   52445ms] [LOG] [Fast Refresh] rebuilding @ http://localhost:3000/_next/static/chunks/0i9e_next_dist_0~hm1xm._.js:2431
[   53554ms] [ERROR] ./Desktop/projects/macrofactor-agent/src/components/landing/landing.css
Error evaluating Node.js code
CssSyntaxError: /Users/sharans/Desktop/projects/macrofactor-agent/src/components/landing/landing.css:447:1: Unknown word >>>>>>>
    [at Input.error (turbopack:///[project]/Desktop/projects/macrofactor-agent/node_modules/postcss/lib/input.js:135:16)]
    [at Parser.unknownWord (turbopack:///[project]/Desktop/projects/macrofactor-agent/node_modules/postcss/lib/parser.js:595:22)]
    [at Parser.other (turbopack:///[project]/Desktop/projects/macrofactor-agent/node_modules/postcss/lib/parser.js:437:12)]
    [at Parser.parse (turbopack:///[project]/Desktop/projects/macrofactor-agent/node_modules/postcss/lib/parser.js:472:16)]
    [at parser (turbopack:///[project]/Desktop/projects/macrofactor-agent/node_modules/postcss/lib/parse.js:11:12)]
    [at new LazyResult (turbopack:///[project]/Desktop/projects/macrofactor-agent/node_modules/postcss/lib/lazy-result.js:165:16)]
    [at Processor.process (turbopack:///[project]/Desktop/projects/macrofactor-agent/node_modules/postcss/lib/processor.js:53:14)]
    [at transform (turbopack:///[turbopack-node]/transforms/postcss.ts:70:51)]
    [at run (turbopack:///[turbopack-node]/child_process/evaluate.ts:89:29)]
    [at run (turbopack:///[turbopack-node]/child_process/evaluate.ts:112:11)]

Import trace:
  Client Component Browser:
    ./Desktop/projects/macrofactor-agent/src/components/landing/landing.css [Client Component Browser]
    ./Desktop/projects/macrofactor-agent/src/components/landing/landing-page.tsx [Client Component Browser]
    ./Desktop/projects/macrofactor-agent/src/components/landing/landing-page.tsx [Server Component]
    ./Desktop/projects/macrofactor-agent/src/app/page.tsx [Server Component] @ http://localhost:3000/_next/static/chunks/0i9e_next_dist_0~hm1xm._.js:3272
[   53566ms] [ERROR] Failed to load resource: the server responded with a status of 500 (Internal Server Error) @ http://localhost:3000/?_rsc=wnywt:0
[   53686ms] [ERROR] Failed to load resource: the server responded with a status of 500 (Internal Server Error) @ http://localhost:3000/?_rsc=wnywt:0
[   53761ms] [ERROR] ./Desktop/projects/macrofactor-agent/src/components/landing/landing.css
Error evaluating Node.js code
CssSyntaxError: /Users/sharans/Desktop/projects/macrofactor-agent/src/components/landing/landing.css:447:1: Unknown word >>>>>>>
    [at Input.error (turbopack:///[project]/Desktop/projects/macrofactor-agent/node_modules/postcss/lib/input.js:135:16)]
    [at Parser.unknownWord (turbopack:///[project]/Desktop/projects/macrofactor-agent/node_modules/postcss/lib/parser.js:595:22)]
    [at Parser.other (turbopack:///[project]/Desktop/projects/macrofactor-agent/node_modules/postcss/lib/parser.js:437:12)]
    [at Parser.parse (turbopack:///[project]/Desktop/projects/macrofactor-agent/node_modules/postcss/lib/parser.js:472:16)]
    [at parser (turbopack:///[project]/Desktop/projects/macrofactor-agent/node_modules/postcss/lib/parse.js:11:12)]
    [at new LazyResult (turbopack:///[project]/Desktop/projects/macrofactor-agent/node_modules/postcss/lib/lazy-result.js:165:16)]
    [at Processor.process (turbopack:///[project]/Desktop/projects/macrofactor-agent/node_modules/postcss/lib/processor.js:53:14)]
    [at transform (turbopack:///[turbopack-node]/transforms/postcss.ts:70:51)]
    [at run (turbopack:///[turbopack-node]/child_process/evaluate.ts:89:29)]
    [at run (turbopack:///[turbopack-node]/child_process/evaluate.ts:112:11)]

Import trace:
  Client Component Browser:
    ./Desktop/projects/macrofactor-agent/src/components/landing/landing.css [Client Component Browser]
    ./Desktop/projects/macrofactor-agent/src/components/landing/landing-page.tsx [Client Component Browser]
    ./Desktop/projects/macrofactor-agent/src/components/landing/landing-page.tsx [Server Component]
    ./Desktop/projects/macrofactor-agent/src/app/page.tsx [Server Component] @ http://localhost:3000/_next/static/chunks/0i9e_next_dist_0~hm1xm._.js:3272
[   53762ms] [ERROR] ./Desktop/projects/macrofactor-agent/src/components/landing/landing.css
Error evaluating Node.js code
CssSyntaxError: /Users/sharans/Desktop/projects/macrofactor-agent/src/components/landing/landing.css:447:1: Unknown word >>>>>>>
    [at Input.error (turbopack:///[project]/Desktop/projects/macrofactor-agent/node_modules/postcss/lib/input.js:135:16)]
    [at Parser.unknownWord (turbopack:///[project]/Desktop/projects/macrofactor-agent/node_modules/postcss/lib/parser.js:595:22)]
    [at Parser.other (turbopack:///[project]/Desktop/projects/macrofactor-agent/node_modules/postcss/lib/parser.js:437:12)]
    [at Parser.parse (turbopack:///[project]/Desktop/projects/macrofactor-agent/node_modules/postcss/lib/parser.js:472:16)]
    [at parser (turbopack:///[project]/Desktop/projects/macrofactor-agent/node_modules/postcss/lib/parse.js:11:12)]
    [at new LazyResult (turbopack:///[project]/Desktop/projects/macrofactor-agent/node_modules/postcss/lib/lazy-result.js:165:16)]
    [at Processor.process (turbopack:///[project]/Desktop/projects/macrofactor-agent/node_modules/postcss/lib/processor.js:53:14)]
    [at transform (turbopack:///[turbopack-node]/transforms/postcss.ts:70:51)]
    [at run (turbopack:///[turbopack-node]/child_process/evaluate.ts:89:29)]
    [at run (turbopack:///[turbopack-node]/child_process/evaluate.ts:112:11)]

Import trace:
  Client Component Browser:
    ./Desktop/projects/macrofactor-agent/src/components/landing/landing.css [Client Component Browser]
    ./Desktop/projects/macrofactor-agent/src/components/landing/landing-page.tsx [Client Component Browser]
    ./Desktop/projects/macrofactor-agent/src/components/landing/landing-page.tsx [Server Component]
    ./Desktop/projects/macrofactor-agent/src/app/page.tsx [Server Component] @ http://localhost:3000/_next/static/chunks/0i9e_next_dist_0~hm1xm._.js:3272
[   53774ms] [ERROR] Failed to load resource: the server responded with a status of 500 (Internal Server Error) @ http://localhost:3000/:0
[   54109ms] [INFO] %cDownload the React DevTools for a better development experience: https://react.dev/link/react-devtools font-weight:bold @ http://localhost:3000/_next/static/chunks/0i9e_react-dom_0wdhxx6._.js:15305
[   54151ms] Error: ./Desktop/projects/macrofactor-agent/src/components/landing/landing.css
Error evaluating Node.js code
CssSyntaxError: /Users/sharans/Desktop/projects/macrofactor-agent/src/components/landing/landing.css:447:1: Unknown word >>>>>>>
    [at Input.error (turbopack:///[project]/Desktop/projects/macrofactor-agent/node_modules/postcss/lib/input.js:135:16)]
    [at Parser.unknownWord (turbopack:///[project]/Desktop/projects/macrofactor-agent/node_modules/postcss/lib/parser.js:595:22)]
    [at Parser.other (turbopack:///[project]/Desktop/projects/macrofactor-agent/node_modules/postcss/lib/parser.js:437:12)]
    [at Parser.parse (turbopack:///[project]/Desktop/projects/macrofactor-agent/node_modules/postcss/lib/parser.js:472:16)]
    [at parser (turbopack:///[project]/Desktop/projects/macrofactor-agent/node_modules/postcss/lib/parse.js:11:12)]
    [at new LazyResult (turbopack:///[project]/Desktop/projects/macrofactor-agent/node_modules/postcss/lib/lazy-result.js:165:16)]
    [at Processor.process (turbopack:///[project]/Desktop/projects/macrofactor-agent/node_modules/postcss/lib/processor.js:53:14)]
    [at transform (turbopack:///[turbopack-node]/transforms/postcss.ts:70:51)]
    [at run (turbopack:///[turbopack-node]/child_process/evaluate.ts:89:29)]
    [at run (turbopack:///[turbopack-node]/child_process/evaluate.ts:112:11)]

Import trace:
  Client Component Browser:
    ./Desktop/projects/macrofactor-agent/src/components/landing/landing.css [Client Component Browser]
    ./Desktop/projects/macrofactor-agent/src/components/landing/landing-page.tsx [Client Component Browser]
    ./Desktop/projects/macrofactor-agent/src/components/landing/landing-page.tsx [Server Component]
    ./Desktop/projects/macrofactor-agent/src/app/page.tsx [Server Component]


    at Object.getCompilationErrors (file:///Users/sharans/Desktop/projects/macrofactor-agent/node_modules/next/dist/server/dev/hot-reloader-turbopack.js:1186:59)
    at DevBundlerService.getCompilationError (file:///Users/sharans/Desktop/projects/macrofactor-agent/node_modules/next/dist/server/lib/dev-bundler-service.js:44:55)
    at DevServer.getCompilationError (file:///Users/sharans/Desktop/projects/macrofactor-agent/node_modules/next/dist/server/dev/next-dev-server.js:719:42)
    at DevServer.findPageComponents (file:///Users/sharans/Desktop/projects/macrofactor-agent/node_modules/next/dist/server/dev/next-dev-server.js:689:43)
    at async DevServer.renderErrorToResponseImpl (file:///Users/sharans/Desktop/projects/macrofactor-agent/node_modules/next/dist/server/base-server.js:1745:26)
[   54163ms] [LOG] [HMR] connected @ http://localhost:3000/_next/static/chunks/0i9e_next_dist_0pl2dn2._.js:1226
[   54173ms] [ERROR] ./Desktop/projects/macrofactor-agent/src/components/landing/landing.css
Error evaluating Node.js code
CssSyntaxError: /Users/sharans/Desktop/projects/macrofactor-agent/src/components/landing/landing.css:447:1: Unknown word >>>>>>>
    [at Input.error (turbopack:///[project]/Desktop/projects/macrofactor-agent/node_modules/postcss/lib/input.js:135:16)]
    [at Parser.unknownWord (turbopack:///[project]/Desktop/projects/macrofactor-agent/node_modules/postcss/lib/parser.js:595:22)]
    [at Parser.other (turbopack:///[project]/Desktop/projects/macrofactor-agent/node_modules/postcss/lib/parser.js:437:12)]
    [at Parser.parse (turbopack:///[project]/Desktop/projects/macrofactor-agent/node_modules/postcss/lib/parser.js:472:16)]
    [at parser (turbopack:///[project]/Desktop/projects/macrofactor-agent/node_modules/postcss/lib/parse.js:11:12)]
    [at new LazyResult (turbopack:///[project]/Desktop/projects/macrofactor-agent/node_modules/postcss/lib/lazy-result.js:165:16)]
    [at Processor.process (turbopack:///[project]/Desktop/projects/macrofactor-agent/node_modules/postcss/lib/processor.js:53:14)]
    [at transform (turbopack:///[turbopack-node]/transforms/postcss.ts:70:51)]
    [at run (turbopack:///[turbopack-node]/child_process/evaluate.ts:89:29)]
    [at run (turbopack:///[turbopack-node]/child_process/evaluate.ts:112:11)]

Import trace:
  Client Component Browser:
    ./Desktop/projects/macrofactor-agent/src/components/landing/landing.css [Client Component Browser]
    ./Desktop/projects/macrofactor-agent/src/components/landing/landing-page.tsx [Client Component Browser]
    ./Desktop/projects/macrofactor-agent/src/components/landing/landing-page.tsx [Server Component]
    ./Desktop/projects/macrofactor-agent/src/app/page.tsx [Server Component] @ http://localhost:3000/_next/static/chunks/0i9e_next_dist_0pl2dn2._.js:1945
[   54290ms] [LOG] [Fast Refresh] rebuilding @ http://localhost:3000/_next/static/chunks/0i9e_next_dist_0pl2dn2._.js:1226
[   54290ms] [ERROR] ./Desktop/projects/macrofactor-agent/src/components/landing/landing.css
Error evaluating Node.js code
CssSyntaxError: /Users/sharans/Desktop/projects/macrofactor-agent/src/components/landing/landing.css:447:1: Unknown word >>>>>>>
    [at Input.error (turbopack:///[project]/Desktop/projects/macrofactor-agent/node_modules/postcss/lib/input.js:135:16)]
    [at Parser.unknownWord (turbopack:///[project]/Desktop/projects/macrofactor-agent/node_modules/postcss/lib/parser.js:595:22)]
    [at Parser.other (turbopack:///[project]/Desktop/projects/macrofactor-agent/node_modules/postcss/lib/parser.js:437:12)]
    [at Parser.parse (turbopack:///[project]/Desktop/projects/macrofactor-agent/node_modules/postcss/lib/parser.js:472:16)]
    [at parser (turbopack:///[project]/Desktop/projects/macrofactor-agent/node_modules/postcss/lib/parse.js:11:12)]
    [at new LazyResult (turbopack:///[project]/Desktop/projects/macrofactor-agent/node_modules/postcss/lib/lazy-result.js:165:16)]
    [at Processor.process (turbopack:///[project]/Desktop/projects/macrofactor-agent/node_modules/postcss/lib/processor.js:53:14)]
    [at transform (turbopack:///[turbopack-node]/transforms/postcss.ts:70:51)]
    [at run (turbopack:///[turbopack-node]/child_process/evaluate.ts:89:29)]
    [at run (turbopack:///[turbopack-node]/child_process/evaluate.ts:112:11)]

Import trace:
  Client Component Browser:
    ./Desktop/projects/macrofactor-agent/src/components/landing/landing.css [Client Component Browser]
    ./Desktop/projects/macrofactor-agent/src/components/landing/landing-page.tsx [Client Component Browser]
    ./Desktop/projects/macrofactor-agent/src/components/landing/landing-page.tsx [Server Component]
    ./Desktop/projects/macrofactor-agent/src/app/page.tsx [Server Component] @ http://localhost:3000/_next/static/chunks/0i9e_next_dist_0pl2dn2._.js:1945
[   61912ms] [LOG] [Fast Refresh] rebuilding @ http://localhost:3000/_next/static/chunks/0i9e_next_dist_0pl2dn2._.js:1226
[   62017ms] [LOG] [Fast Refresh] done in 32ms @ http://localhost:3000/_next/static/chunks/0i9e_next_dist_0pl2dn2._.js:1226
[   62241ms] [INFO] %cDownload the React DevTools for a better development experience: https://react.dev/link/react-devtools font-weight:bold @ http://localhost:3000/_next/static/chunks/0i9e_next_dist_0~hm1xm._.js:2431
[   62261ms] [LOG] [HMR] connected @ http://localhost:3000/_next/static/chunks/0i9e_next_dist_0~hm1xm._.js:2431
[   62584ms] [WARNING] Clerk: Clerk has been loaded with development keys. Development instances have strict usage limits and should not be used when deploying your application to production. Learn more: https://clerk.com/docs/deployments/overview @ http://localhost:3000/_next/static/chunks/0i9e_next_dist_0~hm1xm._.js:2431
[   87041ms] [LOG] [Fast Refresh] rebuilding @ http://localhost:3000/_next/static/chunks/0i9e_next_dist_0~hm1xm._.js:2431
[   87070ms] [LOG] [Fast Refresh] done in 36ms @ http://localhost:3000/_next/static/chunks/0i9e_next_dist_0~hm1xm._.js:2431
[  111000ms] [LOG] [Fast Refresh] rebuilding @ http://localhost:3000/_next/static/chunks/0i9e_next_dist_0~hm1xm._.js:2431
[  111022ms] [LOG] [Fast Refresh] done in 51ms @ http://localhost:3000/_next/static/chunks/0i9e_next_dist_0~hm1xm._.js:2431
[  121568ms] [LOG] [Fast Refresh] rebuilding @ http://localhost:3000/_next/static/chunks/0i9e_next_dist_0~hm1xm._.js:2431
[  121587ms] [LOG] [Fast Refresh] done in 70ms @ http://localhost:3000/_next/static/chunks/0i9e_next_dist_0~hm1xm._.js:2431
