[     159ms] [INFO] %cDownload the React DevTools for a better development experience: https://react.dev/link/react-devtools font-weight:bold @ http://localhost:3000/_next/static/chunks/0i9e_next_dist_0~hm1xm._.js:2431
[     178ms] [LOG] [HMR] connected @ http://localhost:3000/_next/static/chunks/0i9e_next_dist_0~hm1xm._.js:2431
[     490ms] [WARNING] Clerk: Clerk has been loaded with development keys. Development instances have strict usage limits and should not be used when deploying your application to production. Learn more: https://clerk.com/docs/deployments/overview @ http://localhost:3000/_next/static/chunks/0i9e_next_dist_0~hm1xm._.js:2431
[     671ms] [LOG] [Fast Refresh] rebuilding @ http://localhost:3000/_next/static/chunks/0i9e_next_dist_0~hm1xm._.js:2431
[     770ms] [LOG] [Fast Refresh] done in 59ms @ http://localhost:3000/_next/static/chunks/0i9e_next_dist_0~hm1xm._.js:2431
[     782ms] [LOG] [Fast Refresh] rebuilding @ http://localhost:3000/_next/static/chunks/0i9e_next_dist_0~hm1xm._.js:2431
[     901ms] [LOG] [Fast Refresh] done in 37ms @ http://localhost:3000/_next/static/chunks/0i9e_next_dist_0~hm1xm._.js:2431
[    1008ms] [LOG] [Fast Refresh] rebuilding @ http://localhost:3000/_next/static/chunks/0i9e_next_dist_0~hm1xm._.js:2431
[    1644ms] [LOG] [Fast Refresh] done in 737ms @ http://localhost:3000/_next/static/chunks/0i9e_next_dist_0~hm1xm._.js:2431
[  140947ms] [LOG] [Fast Refresh] rebuilding @ http://localhost:3000/_next/static/chunks/0i9e_next_dist_0~hm1xm._.js:2431
[  141067ms] [LOG] [Fast Refresh] done in 196ms @ http://localhost:3000/_next/static/chunks/0i9e_next_dist_0~hm1xm._.js:2431
[  151668ms] [LOG] [Fast Refresh] rebuilding @ http://localhost:3000/_next/static/chunks/0i9e_next_dist_0~hm1xm._.js:2431
[  151696ms] [LOG] [Fast Refresh] done in 75ms @ http://localhost:3000/_next/static/chunks/0i9e_next_dist_0~hm1xm._.js:2431
[  156452ms] [LOG] [Fast Refresh] rebuilding @ http://localhost:3000/_next/static/chunks/0i9e_next_dist_0~hm1xm._.js:2431
[  156622ms] [LOG] [Fast Refresh] done in 166ms @ http://localhost:3000/_next/static/chunks/0i9e_next_dist_0~hm1xm._.js:2431
[  156746ms] [LOG] [Fast Refresh] rebuilding @ http://localhost:3000/_next/static/chunks/0i9e_next_dist_0~hm1xm._.js:2431
[  156785ms] [LOG] [Fast Refresh] done in 141ms @ http://localhost:3000/_next/static/chunks/0i9e_next_dist_0~hm1xm._.js:2431
[  156981ms] [LOG] [Fast Refresh] rebuilding @ http://localhost:3000/_next/static/chunks/0i9e_next_dist_0~hm1xm._.js:2431
[  157013ms] [LOG] [Fast Refresh] done in 133ms @ http://localhost:3000/_next/static/chunks/0i9e_next_dist_0~hm1xm._.js:2431
[  157248ms] [LOG] [Fast Refresh] rebuilding @ http://localhost:3000/_next/static/chunks/0i9e_next_dist_0~hm1xm._.js:2431
[  157345ms] [LOG] [Fast Refresh] done in 198ms @ http://localhost:3000/_next/static/chunks/0i9e_next_dist_0~hm1xm._.js:2431
