[     144ms] [INFO] %cDownload the React DevTools for a better development experience: https://react.dev/link/react-devtools font-weight:bold @ http://localhost:3000/_next/static/chunks/0i9e_next_dist_0~hm1xm._.js:2431
[     167ms] [LOG] [HMR] connected @ http://localhost:3000/_next/static/chunks/0i9e_next_dist_0~hm1xm._.js:2431
[     677ms] [WARNING] Clerk: Clerk has been loaded with development keys. Development instances have strict usage limits and should not be used when deploying your application to production. Learn more: https://clerk.com/docs/deployments/overview @ http://localhost:3000/_next/static/chunks/0i9e_next_dist_0~hm1xm._.js:2431
[    1546ms] [LOG] [Fast Refresh] rebuilding @ http://localhost:3000/_next/static/chunks/0i9e_next_dist_0~hm1xm._.js:2431
[    1579ms] [LOG] [Fast Refresh] done in 43ms @ http://localhost:3000/_next/static/chunks/0i9e_next_dist_0~hm1xm._.js:2431
[  399143ms] [LOG] [Fast Refresh] rebuilding @ http://localhost:3000/_next/static/chunks/0i9e_next_dist_0~hm1xm._.js:2431
[  399276ms] [LOG] [Fast Refresh] done in 53ms @ http://localhost:3000/_next/static/chunks/0i9e_next_dist_0~hm1xm._.js:2431
[  399396ms] [LOG] [Fast Refresh] rebuilding @ http://localhost:3000/_next/static/chunks/0i9e_next_dist_0~hm1xm._.js:2431
[  399422ms] [LOG] [Fast Refresh] done in 127ms @ http://localhost:3000/_next/static/chunks/0i9e_next_dist_0~hm1xm._.js:2431
[  399530ms] [LOG] [Fast Refresh] rebuilding @ http://localhost:3000/_next/static/chunks/0i9e_next_dist_0~hm1xm._.js:2431
[  400003ms] [LOG] [Fast Refresh] done in 573ms @ http://localhost:3000/_next/static/chunks/0i9e_next_dist_0~hm1xm._.js:2431
[  403644ms] [LOG] [Fast Refresh] rebuilding @ http://localhost:3000/_next/static/chunks/0i9e_next_dist_0~hm1xm._.js:2431
[  403701ms] [LOG] [Fast Refresh] done in 39ms @ http://localhost:3000/_next/static/chunks/0i9e_next_dist_0~hm1xm._.js:2431
[  403900ms] [LOG] [Fast Refresh] rebuilding @ http://localhost:3000/_next/static/chunks/0i9e_next_dist_0~hm1xm._.js:2431
[  404405ms] [LOG] [Fast Refresh] done in 606ms @ http://localhost:3000/_next/static/chunks/0i9e_next_dist_0~hm1xm._.js:2431
[  959476ms] [LOG] [Fast Refresh] rebuilding @ http://localhost:3000/_next/static/chunks/0i9e_next_dist_0~hm1xm._.js:2431
[  959640ms] [LOG] [Fast Refresh] done in 105ms @ http://localhost:3000/_next/static/chunks/0i9e_next_dist_0~hm1xm._.js:2431
[  959660ms] [LOG] [Fast Refresh] rebuilding @ http://localhost:3000/_next/static/chunks/0i9e_next_dist_0~hm1xm._.js:2431
[  959826ms] [LOG] [Fast Refresh] done in 14ms @ http://localhost:3000/_next/static/chunks/0i9e_next_dist_0~hm1xm._.js:2431
[  960029ms] [LOG] [Fast Refresh] rebuilding @ http://localhost:3000/_next/static/chunks/0i9e_next_dist_0~hm1xm._.js:2431
[  960108ms] [LOG] [Fast Refresh] done in 180ms @ http://localhost:3000/_next/static/chunks/0i9e_next_dist_0~hm1xm._.js:2431
[  960220ms] [LOG] [Fast Refresh] rebuilding @ http://localhost:3000/_next/static/chunks/0i9e_next_dist_0~hm1xm._.js:2431
[  960589ms] [LOG] [Fast Refresh] done in 470ms @ http://localhost:3000/_next/static/chunks/0i9e_next_dist_0~hm1xm._.js:2431
[  960772ms] [LOG] [Fast Refresh] rebuilding @ http://localhost:3000/_next/static/chunks/0i9e_next_dist_0~hm1xm._.js:2431
[  961264ms] [LOG] [Fast Refresh] done in 592ms @ http://localhost:3000/_next/static/chunks/0i9e_next_dist_0~hm1xm._.js:2431
[  961380ms] [LOG] [Fast Refresh] rebuilding @ http://localhost:3000/_next/static/chunks/0i9e_next_dist_0~hm1xm._.js:2431
[  961495ms] [LOG] [Fast Refresh] done in 217ms @ http://localhost:3000/_next/static/chunks/0i9e_next_dist_0~hm1xm._.js:2431
